[0m09:53:56.855335 [debug] [MainThread]: Sending event: {'category': 'dbt', 'action': 'invocation', 'label': 'start', 'context': [<snowplow_tracker.self_describing_json.SelfDescribingJson object at 0x1051e1640>, <snowplow_tracker.self_describing_json.SelfDescribingJson object at 0x107fc17c0>, <snowplow_tracker.self_describing_json.SelfDescribingJson object at 0x110015190>]}


============================== 09:53:56.859149 | 983e8405-10b5-4e6d-a4e4-edd9c9577ab2 ==============================
[0m09:53:56.859149 [info ] [MainThread]: Running with dbt=1.7.19
[0m09:53:56.859599 [debug] [MainThread]: running dbt with arguments {'printer_width': '80', 'indirect_selection': 'eager', 'log_cache_events': 'False', 'write_json': 'True', 'partial_parse': 'True', 'cache_selected_only': 'False', 'profiles_dir': '/Users/emcknight/.dbt', 'version_check': 'True', 'fail_fast': 'False', 'log_path': 'logs', 'warn_error': 'None', 'debug': 'False', 'use_colors': 'True', 'use_experimental_parser': 'False', 'no_print': 'None', 'quiet': 'False', 'warn_error_options': 'WarnErrorOptions(include=[], exclude=[])', 'introspect': 'True', 'invocation_command': 'dbt init github_analytics', 'static_parser': 'True', 'target_path': 'None', 'log_format': 'default', 'send_anonymous_usage_stats': 'True'}
[0m09:53:56.860045 [warn ] [MainThread]: [ConfigFolderDirectory]: Unable to parse dict {'dir': PosixPath('/Users/emcknight/.dbt')}
[0m09:53:56.860306 [info ] [MainThread]: Creating dbt configuration folder at 
[0m09:53:56.861441 [debug] [MainThread]: Starter project path: /Users/emcknight/Repos/dbt-github-engineering-analytics/venv/lib/python3.9/site-packages/dbt/include/starter_project
[0m09:53:56.874380 [info ] [MainThread]: 
Your new dbt project "github_analytics" was created!

For more information on how to configure the profiles.yml file,
please consult the dbt documentation here:

  https://docs.getdbt.com/docs/configure-your-profile

One more thing:

Need help? Don't hesitate to reach out to us via GitHub issues or on Slack:

  https://community.getdbt.com/

Happy modeling!

[0m09:53:56.874747 [info ] [MainThread]: Setting up your profile.
[0m09:54:18.864998 [info ] [MainThread]: Profile github_analytics written to /Users/emcknight/.dbt/profiles.yml using target's sample configuration. Once updated, you'll be able to start developing with dbt.
[0m09:54:18.890108 [debug] [MainThread]: Resource report: {"command_name": "init", "command_success": true, "command_wall_clock_time": 22.184341, "process_user_time": 1.270573, "process_kernel_time": 0.180503, "process_mem_max_rss": "114950144", "process_in_blocks": "0", "process_out_blocks": "0"}
[0m09:54:18.890528 [debug] [MainThread]: Command `dbt init` succeeded at 09:54:18.890435 after 22.18 seconds
[0m09:54:18.890797 [debug] [MainThread]: Sending event: {'category': 'dbt', 'action': 'invocation', 'label': 'end', 'context': [<snowplow_tracker.self_describing_json.SelfDescribingJson object at 0x1051e1640>, <snowplow_tracker.self_describing_json.SelfDescribingJson object at 0x110008d00>, <snowplow_tracker.self_describing_json.SelfDescribingJson object at 0x107fb2970>]}
[0m09:54:18.891076 [debug] [MainThread]: Flushing usage events
